{"name": "test_create_user_missing_field", "status": "failed", "statusDetails": {"message": "AssertionError: assert 403 == 400\n +  where 403 = <Response [403]>.status_code", "trace": "def test_create_user_missing_field():\n        response = requests.post(REGISTER, json=INVALID_USER)\n>       assert response.status_code == 400\nE       assert 403 == 400\nE        +  where 403 = <Response [403]>.status_code\n\ntests\\test_user.py:16: AssertionError"}, "start": 1757783492188, "stop": 1757783493717, "uuid": "6a82d6d8-a056-4b7d-94cf-8531899c591e", "historyId": "0f50f4775d61486e273d8160c6816c53", "testCaseId": "0f50f4775d61486e273d8160c6816c53", "fullName": "tests.test_user#test_create_user_missing_field", "labels": [{"name": "parentSuite", "value": "tests"}, {"name": "suite", "value": "test_user"}, {"name": "host", "value": "DARIYA"}, {"name": "thread", "value": "18988-MainThread"}, {"name": "framework", "value": "pytest"}, {"name": "language", "value": "cpython3"}, {"name": "package", "value": "tests.test_user"}], "titlePath": ["tests", "test_user.py"]}