{"name": "test_create_user_missing_field", "status": "failed", "statusDetails": {"message": "AssertionError: assert 403 == 400\n +  where 403 = <Response [403]>.status_code", "trace": "def test_create_user_missing_field():\n        user = create_user_missing_field()\n        response = requests.post(REGISTER, json=user)\n>       assert response.status_code == 400  # пропущено обязательное поле\n        ^^^^^^^^^^^^^^^^^^^^^^^^^^^^^^^^^^\nE       assert 403 == 400\nE        +  where 403 = <Response [403]>.status_code\n\ntests\\test_user.py:21: AssertionError"}, "start": 1757784111099, "stop": 1757784111981, "uuid": "cb4deccb-b233-4daf-aa99-9932b78dbcc0", "historyId": "0f50f4775d61486e273d8160c6816c53", "testCaseId": "0f50f4775d61486e273d8160c6816c53", "fullName": "tests.test_user#test_create_user_missing_field", "labels": [{"name": "parentSuite", "value": "tests"}, {"name": "suite", "value": "test_user"}, {"name": "host", "value": "DARIYA"}, {"name": "thread", "value": "21316-MainThread"}, {"name": "framework", "value": "pytest"}, {"name": "language", "value": "cpython3"}, {"name": "package", "value": "tests.test_user"}], "titlePath": ["tests", "test_user.py"]}