{"name": "test_create_order_without_auth", "status": "failed", "statusDetails": {"message": "AssertionError: assert 200 == 401\n +  where 200 = <Response [200]>.status_code", "trace": "def test_create_order_without_auth():\n        ingredients = get_ingredients()\n        response = requests.post(ORDER, json={\"ingredients\": ingredients})\n>       assert response.status_code == 401\nE       assert 200 == 401\nE        +  where 200 = <Response [200]>.status_code\n\ntests\\test_order.py:19: AssertionError"}, "start": 1757783484043, "stop": 1757783485075, "uuid": "15d63f3a-4a0b-48da-8da2-66ee5603a1e4", "historyId": "f1810176f184b3dff16de359f882b0c5", "testCaseId": "f1810176f184b3dff16de359f882b0c5", "fullName": "tests.test_order#test_create_order_without_auth", "labels": [{"name": "parentSuite", "value": "tests"}, {"name": "suite", "value": "test_order"}, {"name": "host", "value": "DARIYA"}, {"name": "thread", "value": "18988-MainThread"}, {"name": "framework", "value": "pytest"}, {"name": "language", "value": "cpython3"}, {"name": "package", "value": "tests.test_order"}], "titlePath": ["tests", "test_order.py"]}