{"name": "Проверка обязательных полей при регистрации", "status": "failed", "statusDetails": {"message": "AssertionError: assert 403 == 400\n +  where 403 = <Response [403]>.status_code", "trace": "self = <test_user.TestUsers object at 0x00000264290D8E10>, missing_field = 'email'\n\n    @allure.title(\"Проверка обязательных полей при регистрации\")\n    @pytest.mark.parametrize(\"missing_field\", [\"email\", \"password\", \"name\"])\n    def test_create_user_missing_field(self, missing_field):\n        \"\"\"\n        Попытка регистрации пользователя с пропущенным обязательным полем.\n        Каждый обязательный атрибут проверяется отдельно.\n        \"\"\"\n        user = create_user()\n        user.pop(missing_field)\n    \n        with allure.step(f\"Регистрация пользователя без поля: {missing_field}\"):\n            response = register_user(user)\n    \n        with allure.step(\"Проверка кода ошибки и сообщения\"):\n>           assert response.status_code == 400\nE           assert 403 == 400\nE            +  where 403 = <Response [403]>.status_code\n\ntests\\test_user.py:24: AssertionError"}, "description": "\nПопытка регистрации пользователя с пропущенным обязательным полем.\nКаждый обязательный атрибут проверяется отдельно.\n", "steps": [{"name": "Регистрация пользователя без поля: email", "status": "passed", "steps": [{"name": "Регистрация пользователя с данными: {'password': 'bD6jF3', 'name': 'Usere5R'}", "status": "passed", "start": 1758493124356, "stop": 1758493124810}], "start": 1758493124356, "stop": 1758493124810}, {"name": "Проверка кода ошибки и сообщения", "status": "failed", "statusDetails": {"message": "AssertionError: assert 403 == 400\n +  where 403 = <Response [403]>.status_code\n", "trace": "  File \"C:\\Users\\dariy\\Diplom\\diplom_2\\tests\\test_user.py\", line 24, in test_create_user_missing_field\n    assert response.status_code == 400\n"}, "start": 1758493124810, "stop": 1758493124810}], "parameters": [{"name": "missing_field", "value": "'email'"}], "start": 1758493124355, "stop": 1758493124812, "uuid": "4a79d971-2e6b-4b64-90ec-c4b924d59eab", "historyId": "148aae8734fe3908fef6e38513d507fd", "testCaseId": "f7a263593fe7faf81cef409325e54f3b", "fullName": "tests.test_user.TestUsers#test_create_user_missing_field", "labels": [{"name": "feature", "value": "Пользователи"}, {"name": "parentSuite", "value": "tests"}, {"name": "suite", "value": "test_user"}, {"name": "subSuite", "value": "TestUsers"}, {"name": "host", "value": "DARIYA"}, {"name": "thread", "value": "10136-MainThread"}, {"name": "framework", "value": "pytest"}, {"name": "language", "value": "cpython3"}, {"name": "package", "value": "tests.test_user"}], "titlePath": ["tests", "test_user.py", "TestUsers"]}