{"name": "test_create_unique_user", "status": "failed", "statusDetails": {"message": "AssertionError: assert 403 == 200\n +  where 403 = <Response [403]>.status_code", "trace": "def test_create_unique_user():\n        response = requests.post(REGISTER, json=USER)\n>       assert response.status_code == 200\nE       assert 403 == 200\nE        +  where 403 = <Response [403]>.status_code\n\ntests\\test_user.py:7: AssertionError"}, "start": 1757783491086, "stop": 1757783491581, "uuid": "e0cd361d-dad1-4af4-bd09-43a3f04d21be", "historyId": "e47bec99441b63e488344bb594b41b6c", "testCaseId": "e47bec99441b63e488344bb594b41b6c", "fullName": "tests.test_user#test_create_unique_user", "labels": [{"name": "parentSuite", "value": "tests"}, {"name": "suite", "value": "test_user"}, {"name": "host", "value": "DARIYA"}, {"name": "thread", "value": "18988-MainThread"}, {"name": "framework", "value": "pytest"}, {"name": "language", "value": "cpython3"}, {"name": "package", "value": "tests.test_user"}], "titlePath": ["tests", "test_user.py"]}